android/app/build/intermediates/manifest_merge_blame_file/release/manifest-merger-blame-release-report.txt
1<?xml version="1.0" encoding="utf-8"?>
2<manifest xmlns:android="http://schemas.android.com/apk/res/android"
3    package="com.techinweb.techin"
4    android:versionCode="1"
5    android:versionName="1.0" >
6
7    <uses-sdk
8        android:minSdkVersion="23"
8-->src/main/AndroidManifest.xml
9        android:targetSdkVersion="28" />
9-->src/main/AndroidManifest.xml
10
11    <uses-permission android:name="android.permission.INTERNET" />
11-->src/main/AndroidManifest.xml:4:5-67
11-->src/main/AndroidManifest.xml:4:22-64
12    <uses-permission android:name="android.permission.CAMERA" />
12-->src/main/AndroidManifest.xml:5:5-64
12-->src/main/AndroidManifest.xml:5:22-62
13    <uses-permission android:name="android.permission.ACCESS_COARSE_LOCATION" />
13-->src/main/AndroidManifest.xml:6:5-80
13-->src/main/AndroidManifest.xml:6:22-78
14    <uses-permission android:name="android.permission.ACCESS_FINE_LOCATION" />
14-->src/main/AndroidManifest.xml:7:5-78
14-->src/main/AndroidManifest.xml:7:22-76
15
16    <!-- Include required permissions for Google Maps API to run. -->
17    <uses-permission android:name="android.permission.ACCESS_NETWORK_STATE" />
17-->[com.google.android.gms:play-services-maps:17.0.0] AndroidManifest.xml:23:5-79
17-->[com.google.android.gms:play-services-maps:17.0.0] AndroidManifest.xml:23:22-76
18
19    <uses-feature
19-->[com.google.android.gms:play-services-maps:17.0.0] AndroidManifest.xml:26:5-28:35
20        android:glEsVersion="0x00020000"
20-->[com.google.android.gms:play-services-maps:17.0.0] AndroidManifest.xml:27:9-41
21        android:required="true" /> <!-- Create a unique permission for your app and use it so only your app can receive your OneSignal messages. -->
21-->[com.google.android.gms:play-services-maps:17.0.0] AndroidManifest.xml:28:9-32
22    <permission
22-->[com.onesignal:OneSignal:3.15.1] AndroidManifest.xml:7:5-9:47
23        android:name="com.techinweb.techin.permission.C2D_MESSAGE"
23-->[com.onesignal:OneSignal:3.15.1] AndroidManifest.xml:8:9-63
24        android:protectionLevel="signature" />
24-->[com.onesignal:OneSignal:3.15.1] AndroidManifest.xml:9:9-44
25
26    <uses-permission android:name="com.techinweb.techin.permission.C2D_MESSAGE" />
26-->[com.onesignal:OneSignal:3.15.1] AndroidManifest.xml:11:5-79
26-->[com.onesignal:OneSignal:3.15.1] AndroidManifest.xml:11:22-76
27    <uses-permission android:name="com.google.android.c2dm.permission.RECEIVE" /> <!-- Required, makes sure notifications are delivered on time. -->
27-->[com.onesignal:OneSignal:3.15.1] AndroidManifest.xml:17:5-82
27-->[com.onesignal:OneSignal:3.15.1] AndroidManifest.xml:17:22-79
28    <uses-permission android:name="android.permission.WAKE_LOCK" />
28-->[com.onesignal:OneSignal:3.15.1] AndroidManifest.xml:18:5-68
28-->[com.onesignal:OneSignal:3.15.1] AndroidManifest.xml:18:22-65
29    <!--
30 Required so the device vibrates on receiving a push notification.
31         Vibration settings of the device still apply.
32    -->
33    <uses-permission android:name="android.permission.VIBRATE" />
33-->[com.onesignal:OneSignal:3.15.1] AndroidManifest.xml:23:5-66
33-->[com.onesignal:OneSignal:3.15.1] AndroidManifest.xml:23:22-63
34    <!--
35 Use to restore notifications the user hasn't interacted with.
36         They could be missed notifications if the user reboots their device if this isn't in place.
37    -->
38    <uses-permission android:name="android.permission.RECEIVE_BOOT_COMPLETED" /> <!-- START: ShortcutBadger -->
38-->[com.onesignal:OneSignal:3.15.1] AndroidManifest.xml:29:5-81
38-->[com.onesignal:OneSignal:3.15.1] AndroidManifest.xml:29:22-78
39    <!-- Samsung -->
40    <uses-permission android:name="com.sec.android.provider.badge.permission.READ" />
40-->[com.onesignal:OneSignal:3.15.1] AndroidManifest.xml:31:5-86
40-->[com.onesignal:OneSignal:3.15.1] AndroidManifest.xml:31:22-83
41    <uses-permission android:name="com.sec.android.provider.badge.permission.WRITE" /> <!-- HTC -->
41-->[com.onesignal:OneSignal:3.15.1] AndroidManifest.xml:32:5-87
41-->[com.onesignal:OneSignal:3.15.1] AndroidManifest.xml:32:22-84
42    <uses-permission android:name="com.htc.launcher.permission.READ_SETTINGS" />
42-->[com.onesignal:OneSignal:3.15.1] AndroidManifest.xml:33:5-81
42-->[com.onesignal:OneSignal:3.15.1] AndroidManifest.xml:33:22-78
43    <uses-permission android:name="com.htc.launcher.permission.UPDATE_SHORTCUT" /> <!-- Sony -->
43-->[com.onesignal:OneSignal:3.15.1] AndroidManifest.xml:34:5-83
43-->[com.onesignal:OneSignal:3.15.1] AndroidManifest.xml:34:22-80
44    <uses-permission android:name="com.sonyericsson.home.permission.BROADCAST_BADGE" />
44-->[com.onesignal:OneSignal:3.15.1] AndroidManifest.xml:35:5-88
44-->[com.onesignal:OneSignal:3.15.1] AndroidManifest.xml:35:22-85
45    <uses-permission android:name="com.sonymobile.home.permission.PROVIDER_INSERT_BADGE" /> <!-- Apex -->
45-->[com.onesignal:OneSignal:3.15.1] AndroidManifest.xml:36:5-92
45-->[com.onesignal:OneSignal:3.15.1] AndroidManifest.xml:36:22-89
46    <uses-permission android:name="com.anddoes.launcher.permission.UPDATE_COUNT" /> <!-- Solid -->
46-->[com.onesignal:OneSignal:3.15.1] AndroidManifest.xml:37:5-84
46-->[com.onesignal:OneSignal:3.15.1] AndroidManifest.xml:37:22-81
47    <uses-permission android:name="com.majeur.launcher.permission.UPDATE_BADGE" /> <!-- Huawei -->
47-->[com.onesignal:OneSignal:3.15.1] AndroidManifest.xml:38:5-83
47-->[com.onesignal:OneSignal:3.15.1] AndroidManifest.xml:38:22-80
48    <uses-permission android:name="com.huawei.android.launcher.permission.CHANGE_BADGE" />
48-->[com.onesignal:OneSignal:3.15.1] AndroidManifest.xml:39:5-91
48-->[com.onesignal:OneSignal:3.15.1] AndroidManifest.xml:39:22-88
49    <uses-permission android:name="com.huawei.android.launcher.permission.READ_SETTINGS" />
49-->[com.onesignal:OneSignal:3.15.1] AndroidManifest.xml:40:5-92
49-->[com.onesignal:OneSignal:3.15.1] AndroidManifest.xml:40:22-89
50    <uses-permission android:name="com.huawei.android.launcher.permission.WRITE_SETTINGS" /> <!-- ZUK -->
50-->[com.onesignal:OneSignal:3.15.1] AndroidManifest.xml:41:5-93
50-->[com.onesignal:OneSignal:3.15.1] AndroidManifest.xml:41:22-90
51    <uses-permission android:name="android.permission.READ_APP_BADGE" /> <!-- OPPO -->
51-->[com.onesignal:OneSignal:3.15.1] AndroidManifest.xml:42:5-73
51-->[com.onesignal:OneSignal:3.15.1] AndroidManifest.xml:42:22-70
52    <uses-permission android:name="com.oppo.launcher.permission.READ_SETTINGS" />
52-->[com.onesignal:OneSignal:3.15.1] AndroidManifest.xml:43:5-82
52-->[com.onesignal:OneSignal:3.15.1] AndroidManifest.xml:43:22-79
53    <uses-permission android:name="com.oppo.launcher.permission.WRITE_SETTINGS" /> <!-- EvMe -->
53-->[com.onesignal:OneSignal:3.15.1] AndroidManifest.xml:44:5-83
53-->[com.onesignal:OneSignal:3.15.1] AndroidManifest.xml:44:22-80
54    <uses-permission android:name="me.everything.badger.permission.BADGE_COUNT_READ" />
54-->[com.onesignal:OneSignal:3.15.1] AndroidManifest.xml:45:5-88
54-->[com.onesignal:OneSignal:3.15.1] AndroidManifest.xml:45:22-85
55    <uses-permission android:name="me.everything.badger.permission.BADGE_COUNT_WRITE" /> <!-- Required to access Google Play Licensing -->
55-->[com.onesignal:OneSignal:3.15.1] AndroidManifest.xml:46:5-89
55-->[com.onesignal:OneSignal:3.15.1] AndroidManifest.xml:46:22-86
56    <uses-permission android:name="com.android.vending.CHECK_LICENSE" /> <!-- Required to check whether Wi-Fi is enabled -->
56-->[:rn-fetch-blob] AndroidManifest.xml:12:5-73
56-->[:rn-fetch-blob] AndroidManifest.xml:12:22-70
57    <uses-permission android:name="android.permission.ACCESS_WIFI_STATE" /> <!-- Required to read and write the expansion files on shared storage -->
57-->[:rn-fetch-blob] AndroidManifest.xml:30:5-76
57-->[:rn-fetch-blob] AndroidManifest.xml:30:22-73
58    <uses-permission android:name="android.permission.WRITE_EXTERNAL_STORAGE" />
58-->[:rn-fetch-blob] AndroidManifest.xml:33:5-81
58-->[:rn-fetch-blob] AndroidManifest.xml:33:22-78
59
60    <application
60-->src/main/AndroidManifest.xml:9:5-38:19
61        android:name="com.techinweb.techin.MainApplication"
61-->src/main/AndroidManifest.xml:10:7-38
62        android:allowBackup="false"
62-->src/main/AndroidManifest.xml:14:7-34
63        android:appComponentFactory="androidx.core.app.CoreComponentFactory"
63-->[androidx.core:core:1.2.0] AndroidManifest.xml:24:18-86
64        android:icon="@mipmap/ic_launcher"
64-->src/main/AndroidManifest.xml:12:7-41
65        android:label="@string/app_name"
65-->src/main/AndroidManifest.xml:11:7-39
66        android:roundIcon="@mipmap/ic_launcher_round"
66-->src/main/AndroidManifest.xml:13:7-52
67        android:theme="@style/AppTheme"
67-->src/main/AndroidManifest.xml:16:7-38
68        android:usesCleartextTraffic="true" >
68-->src/main/AndroidManifest.xml:15:7-42
69        <activity
69-->src/main/AndroidManifest.xml:18:7-28:18
70            android:name="com.techinweb.techin.MainActivity"
70-->src/main/AndroidManifest.xml:19:9-37
71            android:configChanges="keyboard|keyboardHidden|orientation|screenSize|uiMode"
71-->src/main/AndroidManifest.xml:21:9-86
72            android:label="@string/app_name"
72-->src/main/AndroidManifest.xml:20:9-41
73            android:launchMode="singleTask"
73-->src/main/AndroidManifest.xml:22:9-40
74            android:windowSoftInputMode="adjustResize" >
74-->src/main/AndroidManifest.xml:23:9-51
75            <intent-filter>
75-->src/main/AndroidManifest.xml:24:9-27:25
76                <action android:name="android.intent.action.MAIN" />
76-->src/main/AndroidManifest.xml:25:13-65
76-->src/main/AndroidManifest.xml:25:21-62
77
78                <category android:name="android.intent.category.LAUNCHER" />
78-->src/main/AndroidManifest.xml:26:13-73
78-->src/main/AndroidManifest.xml:26:23-70
79            </intent-filter>
80        </activity>
81
82        <meta-data
82-->src/main/AndroidManifest.xml:30:7-32:66
83            android:name="com.google.android.geo.API_KEY"
83-->src/main/AndroidManifest.xml:31:9-54
84            android:value="AIzaSyCIkJrMssSzix3ND-8y0egY-E7qbUaixbc" />
84-->src/main/AndroidManifest.xml:32:9-64
85
86        <uses-library
86-->src/main/AndroidManifest.xml:34:7-85
87            android:name="org.apache.http.legacy"
87-->src/main/AndroidManifest.xml:34:21-58
88            android:required="false" />
88-->src/main/AndroidManifest.xml:34:59-83
89
90        <activity
90-->src/main/AndroidManifest.xml:36:7-84
91            android:name="com.facebook.react.devsupport.DevSettingsActivity"
91-->src/main/AndroidManifest.xml:36:17-81
92            android:exported="false" />
92-->[:react-native-navigation] AndroidManifest.xml:14:13-37
93
94        <meta-data
94-->[com.onesignal:OneSignal:3.15.1] AndroidManifest.xml:49:9-51:51
95            android:name="onesignal_app_id"
95-->[com.onesignal:OneSignal:3.15.1] AndroidManifest.xml:50:13-44
96            android:value="" /> <!-- Deprecated - Pulled from OneSignal dashboard. -->
96-->[com.onesignal:OneSignal:3.15.1] AndroidManifest.xml:51:13-48
97        <meta-data
97-->[com.onesignal:OneSignal:3.15.1] AndroidManifest.xml:53:9-55:70
98            android:name="onesignal_google_project_number"
98-->[com.onesignal:OneSignal:3.15.1] AndroidManifest.xml:54:13-59
99            android:value="str:REMOTE" />
99-->[com.onesignal:OneSignal:3.15.1] AndroidManifest.xml:55:13-67
100
101        <receiver
101-->[com.onesignal:OneSignal:3.15.1] AndroidManifest.xml:57:9-67:20
102            android:name="com.onesignal.GcmBroadcastReceiver"
102-->[com.onesignal:OneSignal:3.15.1] AndroidManifest.xml:58:13-62
103            android:permission="com.google.android.c2dm.permission.SEND" >
103-->[com.onesignal:OneSignal:3.15.1] AndroidManifest.xml:59:13-73
104
105            <!-- High priority so OneSignal payloads can be filtered from other GCM receivers if filterOtherGCMReceivers is enabled. -->
106            <intent-filter android:priority="999" >
106-->[com.onesignal:OneSignal:3.15.1] AndroidManifest.xml:62:13-66:29
106-->[com.onesignal:OneSignal:3.15.1] AndroidManifest.xml:62:28-50
107                <action android:name="com.google.android.c2dm.intent.RECEIVE" />
107-->[com.onesignal:OneSignal:3.15.1] AndroidManifest.xml:63:17-81
107-->[com.onesignal:OneSignal:3.15.1] AndroidManifest.xml:63:25-78
108
109                <category android:name="com.techinweb.techin" />
109-->[com.onesignal:OneSignal:3.15.1] AndroidManifest.xml:65:17-61
109-->[com.onesignal:OneSignal:3.15.1] AndroidManifest.xml:65:27-58
110            </intent-filter>
111        </receiver>
112        <receiver android:name="com.onesignal.NotificationOpenedReceiver" />
112-->[com.onesignal:OneSignal:3.15.1] AndroidManifest.xml:68:9-77
112-->[com.onesignal:OneSignal:3.15.1] AndroidManifest.xml:68:19-74
113
114        <service
114-->[com.onesignal:OneSignal:3.15.1] AndroidManifest.xml:70:9-76:19
115            android:name="com.onesignal.HmsMessageServiceOneSignal"
115-->[com.onesignal:OneSignal:3.15.1] AndroidManifest.xml:71:13-68
116            android:exported="false" >
116-->[com.onesignal:OneSignal:3.15.1] AndroidManifest.xml:72:13-37
117            <intent-filter>
117-->[com.onesignal:OneSignal:3.15.1] AndroidManifest.xml:73:13-75:29
118                <action android:name="com.huawei.push.action.MESSAGING_EVENT" />
118-->[com.onesignal:OneSignal:3.15.1] AndroidManifest.xml:74:17-81
118-->[com.onesignal:OneSignal:3.15.1] AndroidManifest.xml:74:25-78
119            </intent-filter>
120        </service>
121
122        <activity
122-->[com.onesignal:OneSignal:3.15.1] AndroidManifest.xml:78:9-84:20
123            android:name="com.onesignal.NotificationOpenedActivityHMS"
123-->[com.onesignal:OneSignal:3.15.1] AndroidManifest.xml:79:13-71
124            android:theme="@android:style/Theme.Translucent.NoTitleBar" >
124-->[com.onesignal:OneSignal:3.15.1] AndroidManifest.xml:80:13-72
125            <intent-filter>
125-->[com.onesignal:OneSignal:3.15.1] AndroidManifest.xml:81:13-83:29
126                <action android:name="android.intent.action.VIEW" />
126-->[com.onesignal:OneSignal:3.15.1] AndroidManifest.xml:82:17-69
126-->[com.onesignal:OneSignal:3.15.1] AndroidManifest.xml:82:25-66
127            </intent-filter>
128        </activity>
129
130        <service android:name="com.onesignal.GcmIntentService" />
130-->[com.onesignal:OneSignal:3.15.1] AndroidManifest.xml:86:9-66
130-->[com.onesignal:OneSignal:3.15.1] AndroidManifest.xml:86:18-63
131        <service
131-->[com.onesignal:OneSignal:3.15.1] AndroidManifest.xml:87:9-89:72
132            android:name="com.onesignal.GcmIntentJobService"
132-->[com.onesignal:OneSignal:3.15.1] AndroidManifest.xml:88:13-61
133            android:permission="android.permission.BIND_JOB_SERVICE" />
133-->[com.onesignal:OneSignal:3.15.1] AndroidManifest.xml:89:13-69
134        <service
134-->[com.onesignal:OneSignal:3.15.1] AndroidManifest.xml:90:9-92:72
135            android:name="com.onesignal.RestoreJobService"
135-->[com.onesignal:OneSignal:3.15.1] AndroidManifest.xml:91:13-59
136            android:permission="android.permission.BIND_JOB_SERVICE" />
136-->[com.onesignal:OneSignal:3.15.1] AndroidManifest.xml:92:13-69
137        <service
137-->[com.onesignal:OneSignal:3.15.1] AndroidManifest.xml:93:9-95:72
138            android:name="com.onesignal.RestoreKickoffJobService"
138-->[com.onesignal:OneSignal:3.15.1] AndroidManifest.xml:94:13-66
139            android:permission="android.permission.BIND_JOB_SERVICE" />
139-->[com.onesignal:OneSignal:3.15.1] AndroidManifest.xml:95:13-69
140        <service
140-->[com.onesignal:OneSignal:3.15.1] AndroidManifest.xml:96:9-98:43
141            android:name="com.onesignal.SyncService"
141-->[com.onesignal:OneSignal:3.15.1] AndroidManifest.xml:97:13-53
142            android:stopWithTask="true" />
142-->[com.onesignal:OneSignal:3.15.1] AndroidManifest.xml:98:13-40
143        <service
143-->[com.onesignal:OneSignal:3.15.1] AndroidManifest.xml:99:9-101:72
144            android:name="com.onesignal.SyncJobService"
144-->[com.onesignal:OneSignal:3.15.1] AndroidManifest.xml:100:13-56
145            android:permission="android.permission.BIND_JOB_SERVICE" />
145-->[com.onesignal:OneSignal:3.15.1] AndroidManifest.xml:101:13-69
146
147        <activity
147-->[com.onesignal:OneSignal:3.15.1] AndroidManifest.xml:103:9-105:75
148            android:name="com.onesignal.PermissionsActivity"
148-->[com.onesignal:OneSignal:3.15.1] AndroidManifest.xml:104:13-61
149            android:theme="@android:style/Theme.Translucent.NoTitleBar" />
149-->[com.onesignal:OneSignal:3.15.1] AndroidManifest.xml:105:13-72
150
151        <service android:name="com.onesignal.NotificationRestoreService" />
151-->[com.onesignal:OneSignal:3.15.1] AndroidManifest.xml:107:9-76
151-->[com.onesignal:OneSignal:3.15.1] AndroidManifest.xml:107:18-73
152
153        <receiver android:name="com.onesignal.BootUpReceiver" >
153-->[com.onesignal:OneSignal:3.15.1] AndroidManifest.xml:109:9-114:20
153-->[com.onesignal:OneSignal:3.15.1] AndroidManifest.xml:109:19-62
154            <intent-filter>
154-->[com.onesignal:OneSignal:3.15.1] AndroidManifest.xml:110:13-113:29
155                <action android:name="android.intent.action.BOOT_COMPLETED" />
155-->[com.onesignal:OneSignal:3.15.1] AndroidManifest.xml:111:17-79
155-->[com.onesignal:OneSignal:3.15.1] AndroidManifest.xml:111:25-76
156                <action android:name="android.intent.action.QUICKBOOT_POWERON" />
156-->[com.onesignal:OneSignal:3.15.1] AndroidManifest.xml:112:17-82
156-->[com.onesignal:OneSignal:3.15.1] AndroidManifest.xml:112:25-79
157            </intent-filter>
158        </receiver>
159        <receiver android:name="com.onesignal.UpgradeReceiver" >
159-->[com.onesignal:OneSignal:3.15.1] AndroidManifest.xml:115:9-119:20
159-->[com.onesignal:OneSignal:3.15.1] AndroidManifest.xml:115:19-63
160            <intent-filter>
160-->[com.onesignal:OneSignal:3.15.1] AndroidManifest.xml:116:13-118:29
161                <action android:name="android.intent.action.MY_PACKAGE_REPLACED" />
161-->[com.onesignal:OneSignal:3.15.1] AndroidManifest.xml:117:17-84
161-->[com.onesignal:OneSignal:3.15.1] AndroidManifest.xml:117:25-81
162            </intent-filter>
163        </receiver>
164        <!--
165             FirebaseMessagingService performs security checks at runtime,
166             but set to not exported to explicitly avoid allowing another app to call it.
167        -->
168        <service
168-->[com.google.firebase:firebase-messaging:19.0.0] AndroidManifest.xml:28:9-34:19
169            android:name="com.google.firebase.messaging.FirebaseMessagingService"
169-->[com.google.firebase:firebase-messaging:19.0.0] AndroidManifest.xml:29:13-82
170            android:exported="false" >
170-->[com.google.firebase:firebase-messaging:19.0.0] AndroidManifest.xml:30:13-37
171            <intent-filter android:priority="-500" >
171-->[com.google.firebase:firebase-messaging:19.0.0] AndroidManifest.xml:31:13-33:29
171-->[com.google.firebase:firebase-messaging:19.0.0] AndroidManifest.xml:31:28-51
172                <action android:name="com.google.firebase.MESSAGING_EVENT" />
172-->[com.google.firebase:firebase-messaging:19.0.0] AndroidManifest.xml:32:17-78
172-->[com.google.firebase:firebase-messaging:19.0.0] AndroidManifest.xml:32:25-75
173            </intent-filter>
174        </service>
175        <service
175-->[com.google.firebase:firebase-iid:19.0.0] AndroidManifest.xml:29:9-35:19
176            android:name="com.google.firebase.components.ComponentDiscoveryService"
176-->[com.google.firebase:firebase-iid:19.0.0] AndroidManifest.xml:30:13-84
177            android:exported="false" >
177-->[com.google.firebase:firebase-iid:19.0.0] AndroidManifest.xml:31:13-37
178            <meta-data
178-->[com.google.firebase:firebase-iid:19.0.0] AndroidManifest.xml:32:13-34:85
179                android:name="com.google.firebase.components:com.google.firebase.iid.Registrar"
179-->[com.google.firebase:firebase-iid:19.0.0] AndroidManifest.xml:33:17-96
180                android:value="com.google.firebase.components.ComponentRegistrar" />
180-->[com.google.firebase:firebase-iid:19.0.0] AndroidManifest.xml:34:17-82
181        </service>
182
183        <receiver
183-->[com.google.firebase:firebase-iid:19.0.0] AndroidManifest.xml:37:9-44:20
184            android:name="com.google.firebase.iid.FirebaseInstanceIdReceiver"
184-->[com.google.firebase:firebase-iid:19.0.0] AndroidManifest.xml:38:13-78
185            android:exported="true"
185-->[com.google.firebase:firebase-iid:19.0.0] AndroidManifest.xml:39:13-36
186            android:permission="com.google.android.c2dm.permission.SEND" >
186-->[com.google.firebase:firebase-iid:19.0.0] AndroidManifest.xml:40:13-73
187            <intent-filter>
187-->[com.google.firebase:firebase-iid:19.0.0] AndroidManifest.xml:41:13-43:29
188                <action android:name="com.google.android.c2dm.intent.RECEIVE" />
188-->[com.onesignal:OneSignal:3.15.1] AndroidManifest.xml:63:17-81
188-->[com.onesignal:OneSignal:3.15.1] AndroidManifest.xml:63:25-78
189            </intent-filter>
190        </receiver>
191
192        <activity
192-->[com.google.android.gms:play-services-base:17.2.1] AndroidManifest.xml:23:9-26:75
193            android:name="com.google.android.gms.common.api.GoogleApiActivity"
193-->[com.google.android.gms:play-services-base:17.2.1] AndroidManifest.xml:24:13-79
194            android:exported="false"
194-->[com.google.android.gms:play-services-base:17.2.1] AndroidManifest.xml:25:13-37
195            android:theme="@android:style/Theme.Translucent.NoTitleBar" />
195-->[com.google.android.gms:play-services-base:17.2.1] AndroidManifest.xml:26:13-72
196
197        <provider
197-->[:react-native-image-picker] AndroidManifest.xml:10:9-18:20
198            android:name="com.imagepicker.FileProvider"
198-->[:react-native-image-picker] AndroidManifest.xml:11:13-56
199            android:authorities="com.techinweb.techin.provider"
199-->[:react-native-image-picker] AndroidManifest.xml:12:13-60
200            android:exported="false"
200-->[:react-native-image-picker] AndroidManifest.xml:13:13-37
201            android:grantUriPermissions="true" >
201-->[:react-native-image-picker] AndroidManifest.xml:14:13-47
202            <meta-data
202-->[:react-native-image-picker] AndroidManifest.xml:15:13-17:58
203                android:name="android.support.FILE_PROVIDER_PATHS"
203-->[:react-native-image-picker] AndroidManifest.xml:16:17-67
204                android:resource="@xml/provider_paths" />
204-->[:react-native-image-picker] AndroidManifest.xml:17:17-55
205        </provider>
206        <provider
206-->[:react-native-webview] AndroidManifest.xml:12:9-20:20
207            android:name="com.reactnativecommunity.webview.RNCWebViewFileProvider"
207-->[:react-native-webview] AndroidManifest.xml:13:13-83
208            android:authorities="com.techinweb.techin.fileprovider"
208-->[:react-native-webview] AndroidManifest.xml:14:13-64
209            android:exported="false"
209-->[:react-native-webview] AndroidManifest.xml:15:13-37
210            android:grantUriPermissions="true" >
210-->[:react-native-webview] AndroidManifest.xml:16:13-47
211            <meta-data
211-->[:react-native-image-picker] AndroidManifest.xml:15:13-17:58
212                android:name="android.support.FILE_PROVIDER_PATHS"
212-->[:react-native-image-picker] AndroidManifest.xml:16:17-67
213                android:resource="@xml/file_provider_paths" />
213-->[:react-native-image-picker] AndroidManifest.xml:17:17-55
214        </provider>
215        <provider
215-->[:rn-fetch-blob] AndroidManifest.xml:36:9-44:20
216            android:name="com.RNFetchBlob.Utils.FileProvider"
216-->[:rn-fetch-blob] AndroidManifest.xml:37:13-62
217            android:authorities="com.techinweb.techin.provider"
217-->[:rn-fetch-blob] AndroidManifest.xml:38:13-60
218            android:exported="false"
218-->[:rn-fetch-blob] AndroidManifest.xml:39:13-37
219            android:grantUriPermissions="true" >
219-->[:rn-fetch-blob] AndroidManifest.xml:40:13-47
220            <meta-data
220-->[:react-native-image-picker] AndroidManifest.xml:15:13-17:58
221                android:name="android.support.FILE_PROVIDER_PATHS"
221-->[:react-native-image-picker] AndroidManifest.xml:16:17-67
222                android:resource="@xml/provider_paths" />
222-->[:react-native-image-picker] AndroidManifest.xml:17:17-55
223        </provider>
224
225        <meta-data
225-->[com.google.maps.android:android-maps-utils:0.5] AndroidManifest.xml:8:9-10:69
226            android:name="com.google.android.gms.version"
226-->[com.google.maps.android:android-maps-utils:0.5] AndroidManifest.xml:9:13-58
227            android:value="@integer/google_play_services_version" />
227-->[com.google.maps.android:android-maps-utils:0.5] AndroidManifest.xml:10:13-66
228
229        <provider
229-->[com.google.firebase:firebase-common:18.0.0] AndroidManifest.xml:12:9-16:39
230            android:name="com.google.firebase.provider.FirebaseInitProvider"
230-->[com.google.firebase:firebase-common:18.0.0] AndroidManifest.xml:13:13-77
231            android:authorities="com.techinweb.techin.firebaseinitprovider"
231-->[com.google.firebase:firebase-common:18.0.0] AndroidManifest.xml:14:13-72
232            android:exported="false"
232-->[com.google.firebase:firebase-common:18.0.0] AndroidManifest.xml:15:13-37
233            android:initOrder="100" />
233-->[com.google.firebase:firebase-common:18.0.0] AndroidManifest.xml:16:13-36
234    </application>
235
236</manifest>